<?xml version="1.0" encoding="UTF-8"?>
<testng-results ignored="0" total="1" passed="1" failed="0" skipped="0">
  <reporter-output>
  </reporter-output>
  <suite started-at="2020-07-20T16:51:20 IST" name="TestingSuite" finished-at="2020-07-20T16:52:08 IST" duration-ms="47968">
    <groups>
    </groups>
    <test started-at="2020-07-20T16:51:20 IST" name="Test" finished-at="2020-07-20T16:52:08 IST" duration-ms="47968">
      <class name="UnDoTres">
        <test-method is-config="true" signature="setup()[pri:0, instance:UnDoTres@5a82ebf8]" started-at="2020-07-20T16:51:20 IST" name="setup" finished-at="2020-07-20T16:51:20 IST" duration-ms="44" status="PASS">
          <reporter-output>
          </reporter-output>
        </test-method> <!-- setup -->
        <test-method signature="recharge()[pri:1, instance:UnDoTres@5a82ebf8]" started-at="2020-07-20T16:51:20 IST" name="recharge" finished-at="2020-07-20T16:52:08 IST" duration-ms="47825" status="PASS">
          <reporter-output>
          </reporter-output>
        </test-method> <!-- recharge -->
        <test-method is-config="true" signature="teardown(org.testng.ITestResult)[pri:0, instance:UnDoTres@5a82ebf8]" started-at="2020-07-20T16:52:08 IST" name="teardown" finished-at="2020-07-20T16:52:08 IST" duration-ms="3" status="PASS">
          <params>
            <param index="0">
              <value>
                <![CDATA[[TestResult name=recharge status=SUCCESS method=UnDoTres.recharge()[pri:1, instance:UnDoTres@5a82ebf8] output={null}]]]>
              </value>
            </param>
          </params>
          <reporter-output>
          </reporter-output>
        </test-method> <!-- teardown -->
      </class> <!-- UnDoTres -->
    </test> <!-- Test -->
  </suite> <!-- TestingSuite -->
</testng-results>
